[2025-03-10T07:23:57.178Z] authenticate middleware: invalid signature
[2025-03-10T07:24:18.092Z] authenticate middleware: invalid signature
[2025-03-10T07:25:53.469Z] authenticate middleware: invalid signature
[2025-03-10T07:49:16.545Z] authenticate middleware: invalid signature
[2025-03-10T09:00:31.490Z] register controller error: E11000 duplicate key error collection: BookKeeping.users index: email_1 dup key: { email: "abhi@gmail.com" }
[2025-03-10T09:41:04.864Z] register controller error: user.comparePassword is not a function
[2025-03-10T09:41:20.827Z] register controller error: user.comparePassword is not a function
[2025-03-10T09:41:54.342Z] register controller error: user.comparePassword is not a function
[2025-03-10T09:42:42.356Z] register controller error: user.comparePassword is not a function
[2025-03-10T09:46:05.046Z] register controller error: user.comparePassword is not a function
[2025-03-10T09:46:15.896Z] register controller error: user.comparePassword is not a function
[2025-03-10T09:46:26.608Z] register controller error: user.comparePassword is not a function
[2025-03-10T09:47:11.989Z] register controller error: user.comparePassword is not a function
[2025-03-10T09:48:18.393Z] register controller error: user.comparePassword is not a function
[2025-03-10T09:48:59.471Z] register controller error: user.comparePassword is not a function
[2025-03-10T09:50:57.057Z] register controller error: JsonWebTokenError is not defined
[2025-03-10T09:51:02.034Z] register controller error: JsonWebTokenError is not defined
[2025-03-10T09:51:45.925Z] register controller error: option maxAge is invalid
[2025-03-10T09:52:13.879Z] register controller error: option maxAge is invalid
[2025-03-10T09:54:13.335Z] register controller error: option maxAge is invalid
[2025-03-10T09:54:55.451Z] register controller error: option maxAge is invalid
[2025-03-10T09:55:56.211Z] Login controller error: option maxAge is invalid
[2025-03-10T09:56:59.028Z] register controller error: option maxAge is invalid
[2025-03-10T09:57:08.080Z] register controller error: option maxAge is invalid
[2025-03-10T09:57:20.852Z] register controller error: option maxAge is invalid
[2025-03-10T09:57:56.423Z] register controller error: Cannot read properties of undefined (reading 'status')
[2025-03-10T09:59:50.220Z] register controller error: Cannot read properties of undefined (reading 'status')
[2025-03-10T10:03:44.578Z] register controller error: Cannot read properties of undefined (reading 'status')
[2025-03-10T10:04:57.435Z] register controller error: Cannot read properties of undefined (reading 'status')
[2025-03-10T10:05:45.540Z] login controller error: Cannot read properties of undefined (reading 'status')
[2025-03-10T10:56:33.565Z] getAllLibraries controller error: skip is not defined
[2025-03-10T10:57:23.711Z] getAllLibraries controller error: Cannot access 'totalPages' before initialization
[2025-03-10T12:19:57.993Z] createBook controller error: Book validation failed: author: Cast to ObjectId failed for value "raj comics" (type string) at path "author" because of "BSONError"
[2025-03-10T12:20:57.248Z] createBook controller error: Book validation failed: author: Cast to ObjectId failed for value "raj comics" (type string) at path "author" because of "BSONError"
[2025-03-10T12:23:31.338Z] createBook controller error: Book validation failed: author: Cast to ObjectId failed for value "raj comics" (type string) at path "author" because of "BSONError"
[2025-03-10T12:32:31.394Z] getAllBooks controller error: skip is not defined
[2025-03-10T12:32:51.520Z] getAllBooks controller error: Cannot access 'totalPages' before initialization
[2025-03-10T14:35:57.431Z] borrow book error: book.save is not a function
[2025-03-10T14:37:06.449Z] borrow book error: book.save is not a function
[2025-03-10T14:38:05.584Z] borrow book error: book.save is not a function
[2025-03-10T14:40:10.040Z] borrow book error: book.save is not a function
[2025-03-10T14:41:22.299Z] borrow book error: book.save is not a function
[2025-03-10T14:44:31.696Z] borrow book error: book.save is not a function
[2025-03-10T14:47:07.192Z] borrow book error: book.save is not a function
[2025-03-10T14:47:08.350Z] borrow book error: book.save is not a function
[2025-03-10T14:47:09.073Z] borrow book error: book.save is not a function
[2025-03-10T14:47:09.933Z] borrow book error: book.save is not a function
[2025-03-10T14:47:10.712Z] borrow book error: book.save is not a function
[2025-03-10T14:47:11.386Z] borrow book error: book.save is not a function
[2025-03-10T14:47:12.062Z] borrow book error: book.save is not a function
[2025-03-10T14:48:01.998Z] borrow book error: book.save is not a function
